{"uuid":"2b328064-e847-4e25-a2e2-c06ed23b1d79","historyId":"a2da876cb99244f18d129cb18974e7d0","fullName":"com.amlankumar.base.CommonToAllTests.TearDown","labels":[{"name":"package","value":"com.amlankumar.tests.TestVWOLogin_PF_DM"},{"name":"testClass","value":"com.amlankumar.tests.TestVWOLogin_PF_DM"},{"name":"testMethod","value":"TearDown"},{"name":"parentSuite","value":"All Test Suite"},{"name":"suite","value":"C:/Users/amlan/IdeaProjects/ATB6xWebAutomationFramework"},{"name":"subSuite","value":"com.amlankumar.tests.TestVWOLogin_PF_DM"},{"name":"host","value":"Slappy"},{"name":"thread","value":"6764@Slappy.TestNG-test-C:/Users/amlan/IdeaProjects/ATB6xWebAutomationFramework-2(36)"},{"name":"framework","value":"testng"},{"name":"language","value":"java"},{"name":"AS_ID","value":"-1"}],"links":[],"name":"TearDown","status":"broken","statusDetails":{"known":false,"muted":false,"flaky":false,"message":"java.io.IOException: Output closed\nBuild info: version: '4.22.0', revision: 'c5f3146703*'\nSystem info: os.name: 'Windows 11', os.arch: 'amd64', os.version: '10.0', java.version: '22.0.1'\nDriver info: driver.version: ChromiumDriver","trace":"org.openqa.selenium.WebDriverException: java.io.IOException: Output closed\nBuild info: version: '4.22.0', revision: 'c5f3146703*'\nSystem info: os.name: 'Windows 11', os.arch: 'amd64', os.version: '10.0', java.version: '22.0.1'\nDriver info: driver.version: ChromiumDriver\r\n\tat org.openqa.selenium.remote.http.jdk.JdkHttpClient$4.send(JdkHttpClient.java:301)\r\n\tat org.openqa.selenium.remote.http.jdk.JdkHttpClient$4.close(JdkHttpClient.java:320)\r\n\tat org.openqa.selenium.devtools.Connection.close(Connection.java:226)\r\n\tat org.openqa.selenium.devtools.DevTools.close(DevTools.java:61)\r\n\tat java.base/java.util.Optional.ifPresent(Optional.java:178)\r\n\tat org.openqa.selenium.remote.RemoteWebDriver.quit(RemoteWebDriver.java:426)\r\n\tat org.openqa.selenium.chromium.ChromiumDriver.quit(ChromiumDriver.java:435)\r\n\tat com.amlankumar.drivers.DriverManager.down(DriverManager.java:50)\r\n\tat com.amlankumar.base.CommonToAllTests.TearDown(CommonToAllTests.java:18)\r\n\tat java.base/jdk.internal.reflect.DirectMethodHandleAccessor.invoke(DirectMethodHandleAccessor.java:103)\r\n\tat java.base/java.lang.reflect.Method.invoke(Method.java:580)\r\n\tat org.testng.internal.invokers.MethodInvocationHelper.invokeMethod(MethodInvocationHelper.java:141)\r\n\tat org.testng.internal.invokers.MethodInvocationHelper.invokeMethodConsideringTimeout(MethodInvocationHelper.java:71)\r\n\tat org.testng.internal.invokers.ConfigInvoker.invokeConfigurationMethod(ConfigInvoker.java:400)\r\n\tat org.testng.internal.invokers.ConfigInvoker.invokeConfigurations(ConfigInvoker.java:333)\r\n\tat org.testng.internal.invokers.TestInvoker.runConfigMethods(TestInvoker.java:833)\r\n\tat org.testng.internal.invokers.TestInvoker.runAfterConfigurations(TestInvoker.java:802)\r\n\tat org.testng.internal.invokers.TestInvoker.invokeMethod(TestInvoker.java:778)\r\n\tat org.testng.internal.invokers.TestInvoker.invokeTestMethod(TestInvoker.java:230)\r\n\tat org.testng.internal.invokers.MethodRunner.runInSequence(MethodRunner.java:63)\r\n\tat org.testng.internal.invokers.TestInvoker$MethodInvocationAgent.invoke(TestInvoker.java:992)\r\n\tat org.testng.internal.invokers.TestInvoker.invokeTestMethods(TestInvoker.java:203)\r\n\tat org.testng.internal.invokers.TestMethodWorker.invokeTestMethods(TestMethodWorker.java:154)\r\n\tat org.testng.internal.invokers.TestMethodWorker.run(TestMethodWorker.java:134)\r\n\tat java.base/java.util.concurrent.Executors$RunnableAdapter.call(Executors.java:572)\r\n\tat java.base/java.util.concurrent.FutureTask.run(FutureTask.java:317)\r\n\tat org.testng.internal.thread.graph.TestNGFutureTask.run(TestNGFutureTask.java:22)\r\n\tat java.base/java.util.concurrent.ThreadPoolExecutor.runWorker(ThreadPoolExecutor.java:1144)\r\n\tat java.base/java.util.concurrent.ThreadPoolExecutor$Worker.run(ThreadPoolExecutor.java:642)\r\n\tat java.base/java.lang.Thread.run(Thread.java:1570)\r\nCaused by: java.io.IOException: Output closed\r\n\tat java.net.http/jdk.internal.net.http.websocket.WebSocketImpl.sendClose(WebSocketImpl.java:313)\r\n\tat org.openqa.selenium.remote.http.jdk.JdkHttpClient$4.lambda$send$2(JdkHttpClient.java:280)\r\n\tat org.openqa.selenium.remote.http.jdk.JdkHttpClient$4.send(JdkHttpClient.java:291)\r\n\t... 29 more\r\n"},"stage":"finished","steps":[],"attachments":[],"parameters":[],"start":1725564166246,"stop":1725564166248}